<?xml version="1.0" encoding="UTF-8"?>
<!-- Generated by org.testng.reporters.JUnitReportReporter -->
<testsuite hostname="DESKTOP-KB64JHN" failures="0" tests="1" name="LoginPage.flipkartLoginPage" time="0.833" errors="0" timestamp="2024-11-08T11:21:31 IST" skipped="0">
  <testcase classname="LoginPage.flipkartLoginPage" name="Login" time="0.833"/>
</testsuite> <!-- LoginPage.flipkartLoginPage -->
